Performing C SOURCE FILE Test CMAKE_HAVE_LIBC_PTHREAD failed with the following output:
Change Dir: /home/thomasc/Rendu/2019/CPP_zia_2019/build/CMakeFiles/CMakeTmp

Run Build Command(s):/usr/bin/gmake cmTC_03368/fast && /usr/bin/gmake -f CMakeFiles/cmTC_03368.dir/build.make CMakeFiles/cmTC_03368.dir/build
gmake[1]: Entering directory '/home/thomasc/Rendu/2019/CPP_zia_2019/build/CMakeFiles/CMakeTmp'
Building C object CMakeFiles/cmTC_03368.dir/src.c.o
/usr/bin/cc   -DCMAKE_HAVE_LIBC_PTHREAD   -o CMakeFiles/cmTC_03368.dir/src.c.o   -c /home/thomasc/Rendu/2019/CPP_zia_2019/build/CMakeFiles/CMakeTmp/src.c
Linking C executable cmTC_03368
/usr/bin/cmake -E cmake_link_script CMakeFiles/cmTC_03368.dir/link.txt --verbose=1
/usr/bin/cc  -DCMAKE_HAVE_LIBC_PTHREAD    -rdynamic CMakeFiles/cmTC_03368.dir/src.c.o  -o cmTC_03368 
/usr/bin/ld: CMakeFiles/cmTC_03368.dir/src.c.o: in function `main':
src.c:(.text+0x2d): undefined reference to `pthread_create'
/usr/bin/ld: src.c:(.text+0x39): undefined reference to `pthread_detach'
/usr/bin/ld: src.c:(.text+0x4a): undefined reference to `pthread_join'
collect2: error: ld returned 1 exit status
gmake[1]: *** [CMakeFiles/cmTC_03368.dir/build.make:87: cmTC_03368] Error 1
gmake[1]: Leaving directory '/home/thomasc/Rendu/2019/CPP_zia_2019/build/CMakeFiles/CMakeTmp'
gmake: *** [Makefile:121: cmTC_03368/fast] Error 2


Source file was:
#include <pthread.h>

void* test_func(void* data)
{
  return data;
}

int main(void)
{
  pthread_t thread;
  pthread_create(&thread, NULL, test_func, NULL);
  pthread_detach(thread);
  pthread_join(thread, NULL);
  pthread_atfork(NULL, NULL, NULL);
  pthread_exit(NULL);

  return 0;
}

Determining if the function pthread_create exists in the pthreads failed with the following output:
Change Dir: /home/thomasc/Rendu/2019/CPP_zia_2019/build/CMakeFiles/CMakeTmp

Run Build Command(s):/usr/bin/gmake cmTC_946d5/fast && /usr/bin/gmake -f CMakeFiles/cmTC_946d5.dir/build.make CMakeFiles/cmTC_946d5.dir/build
gmake[1]: Entering directory '/home/thomasc/Rendu/2019/CPP_zia_2019/build/CMakeFiles/CMakeTmp'
Building C object CMakeFiles/cmTC_946d5.dir/CheckFunctionExists.c.o
/usr/bin/cc   -DCHECK_FUNCTION_EXISTS=pthread_create   -o CMakeFiles/cmTC_946d5.dir/CheckFunctionExists.c.o   -c /usr/share/cmake/Modules/CheckFunctionExists.c
Linking C executable cmTC_946d5
/usr/bin/cmake -E cmake_link_script CMakeFiles/cmTC_946d5.dir/link.txt --verbose=1
/usr/bin/cc  -DCHECK_FUNCTION_EXISTS=pthread_create    -rdynamic CMakeFiles/cmTC_946d5.dir/CheckFunctionExists.c.o  -o cmTC_946d5  -lpthreads 
/usr/bin/ld: cannot find -lpthreads
collect2: error: ld returned 1 exit status
gmake[1]: *** [CMakeFiles/cmTC_946d5.dir/build.make:87: cmTC_946d5] Error 1
gmake[1]: Leaving directory '/home/thomasc/Rendu/2019/CPP_zia_2019/build/CMakeFiles/CMakeTmp'
gmake: *** [Makefile:121: cmTC_946d5/fast] Error 2



